# JRE version: Java(TM) SE Runtime Environment (17.0.1+12) (build 17.0.1+12-LTS-39)
# Java VM: Java HotSpot(TM) 64-Bit Server VM (17.0.1+12-LTS-39, mixed mode, sharing, tiered, compressed oops, compressed class ptrs, g1 gc, windows-amd64)
GC Precious Log:
 CPUs: 12 total, 12 available
 Memory: 8013M
 Large Page Support: Disabled
 NUMA Support: Disabled
 Compressed Oops: Enabled (Zero based)
 Heap Region Size: 2M
 Heap Min Capacity: 8M
 Heap Initial Capacity: 126M
 Heap Max Capacity: 4G
 Pre-touch: Disabled
 Parallel Workers: 10
 Concurrent Workers: 3
 Concurrent Refinement Workers: 10
 Periodic GC: Disabled
Heap:
 garbage-first heap   total 182272K, used 69771K [0x0000000700000000, 0x0000000800000000)
  region size 2048K, 21 young (43008K), 2 survivors (4096K)
 Metaspace       used 34441K, committed 34880K, reserved 1081344K
  class space    used 4758K, committed 4928K, reserved 1048576K
GC Heap History (20 events):
Event: 12.424 GC heap before
{Heap before GC invocations=5 (full 0):
 garbage-first heap   total 90112K, used 69162K [0x0000000700000000, 0x0000000800000000)
  region size 2048K, 26 young (53248K), 2 survivors (4096K)
 Metaspace       used 30340K, committed 30720K, reserved 1081344K
  class space    used 4305K, committed 4480K, reserved 1048576K
}
Event: 12.443 GC heap after
{Heap after GC invocations=6 (full 0):
 garbage-first heap   total 90112K, used 26735K [0x0000000700000000, 0x0000000800000000)
  region size 2048K, 4 young (8192K), 4 survivors (8192K)
 Metaspace       used 30340K, committed 30720K, reserved 1081344K
  class space    used 4305K, committed 4480K, reserved 1048576K
}
Event: 12.464 GC heap before
{Heap before GC invocations=6 (full 0):
 garbage-first heap   total 90112K, used 28783K [0x0000000700000000, 0x0000000800000000)
  region size 2048K, 5 young (10240K), 4 survivors (8192K)
 Metaspace       used 30343K, committed 30720K, reserved 1081344K
  class space    used 4305K, committed 4480K, reserved 1048576K
}
Event: 12.484 GC heap after
{Heap after GC invocations=7 (full 0):
 garbage-first heap   total 90112K, used 26941K [0x0000000700000000, 0x0000000800000000)
  region size 2048K, 1 young (2048K), 1 survivors (2048K)
 Metaspace       used 30343K, committed 30720K, reserved 1081344K
  class space    used 4305K, committed 4480K, reserved 1048576K
}
Event: 13.675 GC heap before
{Heap before GC invocations=7 (full 0):
 garbage-first heap   total 90112K, used 63805K [0x0000000700000000, 0x0000000800000000)
  region size 2048K, 19 young (38912K), 1 survivors (2048K)
 Metaspace       used 32483K, committed 32896K, reserved 1081344K
  class space    used 4499K, committed 4672K, reserved 1048576K
}
Event: 13.685 GC heap after
{Heap after GC invocations=8 (full 0):
 garbage-first heap   total 90112K, used 30124K [0x0000000700000000, 0x0000000800000000)
  region size 2048K, 3 young (6144K), 3 survivors (6144K)
 Metaspace       used 32483K, committed 32896K, reserved 1081344K
  class space    used 4499K, committed 4672K, reserved 1048576K
}
Event: 15.009 GC heap before
{Heap before GC invocations=8 (full 0):
 garbage-first heap   total 90112K, used 64940K [0x0000000700000000, 0x0000000800000000)
  region size 2048K, 20 young (40960K), 3 survivors (6144K)
 Metaspace       used 34123K, committed 34560K, reserved 1081344K
  class space    used 4747K, committed 4928K, reserved 1048576K
}
Event: 15.020 GC heap after
{Heap after GC invocations=9 (full 0):
 garbage-first heap   total 90112K, used 31747K [0x0000000700000000, 0x0000000800000000)
  region size 2048K, 1 young (2048K), 1 survivors (2048K)
 Metaspace       used 34123K, committed 34560K, reserved 1081344K
  class space    used 4747K, committed 4928K, reserved 1048576K
}
Event: 15.531 GC heap before
{Heap before GC invocations=9 (full 0):
 garbage-first heap   total 90112K, used 66563K [0x0000000700000000, 0x0000000800000000)
  region size 2048K, 18 young (36864K), 1 survivors (2048K)
 Metaspace       used 34332K, committed 34752K, reserved 1081344K
  class space    used 4756K, committed 4928K, reserved 1048576K
}
Event: 15.539 GC heap after
{Heap after GC invocations=10 (full 0):
 garbage-first heap   total 90112K, used 31990K [0x0000000700000000, 0x0000000800000000)
  region size 2048K, 1 young (2048K), 1 survivors (2048K)
 Metaspace       used 34332K, committed 34752K, reserved 1081344K
  class space    used 4756K, committed 4928K, reserved 1048576K
}
Event: 15.936 GC heap before
{Heap before GC invocations=10 (full 0):
 garbage-first heap   total 90112K, used 68854K [0x0000000700000000, 0x0000000800000000)
  region size 2048K, 19 young (38912K), 1 survivors (2048K)
 Metaspace       used 34363K, committed 34752K, reserved 1081344K
  class space    used 4756K, committed 4928K, reserved 1048576K
}
Event: 15.942 GC heap after
{Heap after GC invocations=11 (full 0):
 garbage-first heap   total 90112K, used 32144K [0x0000000700000000, 0x0000000800000000)
  region size 2048K, 1 young (2048K), 1 survivors (2048K)
 Metaspace       used 34363K, committed 34752K, reserved 1081344K
  class space    used 4756K, committed 4928K, reserved 1048576K
}
Event: 16.413 GC heap before
{Heap before GC invocations=11 (full 0):
 garbage-first heap   total 90112K, used 71056K [0x0000000700000000, 0x0000000800000000)
  region size 2048K, 20 young (40960K), 1 survivors (2048K)
 Metaspace       used 34403K, committed 34816K, reserved 1081344K
  class space    used 4758K, committed 4928K, reserved 1048576K
}
Event: 16.419 GC heap after
{Heap after GC invocations=12 (full 0):
 garbage-first heap   total 90112K, used 32081K [0x0000000700000000, 0x0000000800000000)
  region size 2048K, 1 young (2048K), 1 survivors (2048K)
 Metaspace       used 34403K, committed 34816K, reserved 1081344K
  class space    used 4758K, committed 4928K, reserved 1048576K
}
Event: 16.818 GC heap before
{Heap before GC invocations=12 (full 0):
 garbage-first heap   total 90112K, used 73041K [0x0000000700000000, 0x0000000800000000)
  region size 2048K, 21 young (43008K), 1 survivors (2048K)
 Metaspace       used 34416K, committed 34880K, reserved 1081344K
  class space    used 4758K, committed 4928K, reserved 1048576K
}
Event: 16.826 GC heap after
{Heap after GC invocations=13 (full 0):
 garbage-first heap   total 182272K, used 32268K [0x0000000700000000, 0x0000000800000000)
  region size 2048K, 2 young (4096K), 2 survivors (4096K)
 Metaspace       used 34416K, committed 34880K, reserved 1081344K
  class space    used 4758K, committed 4928K, reserved 1048576K
}
Event: 17.929 GC heap before
{Heap before GC invocations=13 (full 0):
 garbage-first heap   total 182272K, used 136716K [0x0000000700000000, 0x0000000800000000)
  region size 2048K, 53 young (108544K), 2 survivors (4096K)
 Metaspace       used 34430K, committed 34880K, reserved 1081344K
  class space    used 4758K, committed 4928K, reserved 1048576K
}
Event: 17.935 GC heap after
{Heap after GC invocations=14 (full 0):
 garbage-first heap   total 182272K, used 32561K [0x0000000700000000, 0x0000000800000000)
  region size 2048K, 2 young (4096K), 2 survivors (4096K)
 Metaspace       used 34430K, committed 34880K, reserved 1081344K
  class space    used 4758K, committed 4928K, reserved 1048576K
}
Event: 19.892 GC heap before
{Heap before GC invocations=14 (full 0):
 garbage-first heap   total 182272K, used 137009K [0x0000000700000000, 0x0000000800000000)
  region size 2048K, 53 young (108544K), 2 survivors (4096K)
 Metaspace       used 34436K, committed 34880K, reserved 1081344K
  class space    used 4758K, committed 4928K, reserved 1048576K
}
Event: 19.899 GC heap after
{Heap after GC invocations=15 (full 0):
 garbage-first heap   total 182272K, used 32907K [0x0000000700000000, 0x0000000800000000)
  region size 2048K, 2 young (4096K), 2 survivors (4096K)
 Metaspace       used 34436K, committed 34880K, reserved 1081344K
  class space    used 4758K, committed 4928K, reserved 1048576K
}

