# JRE version: OpenJDK Runtime Environment Temurin-21.0.5+11 (21.0.5+11) (build 21.0.5+11-LTS)
# Java VM: OpenJDK 64-Bit Server VM Temurin-21.0.5+11 (21.0.5+11-LTS, mixed mode, sharing, tiered, compressed oops, compressed class ptrs, parallel gc, windows-amd64)
GC Precious Log:
 CardTable entry size: 512
 CPUs: 12 total, 12 available
 Memory: 8013M
 Large Page Support: Disabled
 NUMA Support: Disabled
 Compressed Oops: Enabled (32-bit)
 Alignments: Space 512K, Generation 512K, Heap 2M
 Heap Min Capacity: 100M
 Heap Initial Capacity: 100M
 Heap Max Capacity: 1G
 Pre-touch: Disabled
 Parallel Workers: 10
Heap:
 PSYoungGen      total 23552K, used 6571K [0x00000000eab00000, 0x00000000ec700000, 0x0000000100000000)
  eden space 22016K, 24% used [0x00000000eab00000,0x00000000eb04fb50,0x00000000ec080000)
  from space 1536K, 73% used [0x00000000ec580000,0x00000000ec69b330,0x00000000ec700000)
  to   space 2048K, 0% used [0x00000000ec300000,0x00000000ec300000,0x00000000ec500000)
 ParOldGen       total 68608K, used 16243K [0x00000000c0000000, 0x00000000c4300000, 0x00000000eab00000)
  object space 68608K, 23% used [0x00000000c0000000,0x00000000c0fdcec0,0x00000000c4300000)
 Metaspace       used 33724K, committed 34624K, reserved 1114112K
  class space    used 3369K, committed 3712K, reserved 1048576K
GC Heap History (20 events):
Event: 25.040 GC heap before
{Heap before GC invocations=6 (full 0):
 PSYoungGen      total 29184K, used 29153K [0x00000000eab00000, 0x00000000ed080000, 0x0000000100000000)
  eden space 25088K, 100% used [0x00000000eab00000,0x00000000ec380000,0x00000000ec380000)
  from space 4096K, 99% used [0x00000000ec400000,0x00000000ec7f8490,0x00000000ec800000)
  to   space 6656K, 0% used [0x00000000eca00000,0x00000000eca00000,0x00000000ed080000)
 ParOldGen       total 68608K, used 11313K [0x00000000c0000000, 0x00000000c4300000, 0x00000000eab00000)
  object space 68608K, 16% used [0x00000000c0000000,0x00000000c0b0c5e0,0x00000000c4300000)
 Metaspace       used 16540K, committed 17152K, reserved 1114112K
  class space    used 1614K, committed 1856K, reserved 1048576K
}
Event: 25.051 GC heap after
{Heap after GC invocations=6 (full 0):
 PSYoungGen      total 30208K, used 5613K [0x00000000eab00000, 0x00000000ecf80000, 0x0000000100000000)
  eden space 24576K, 0% used [0x00000000eab00000,0x00000000eab00000,0x00000000ec300000)
  from space 5632K, 99% used [0x00000000eca00000,0x00000000ecf7b7a8,0x00000000ecf80000)
  to   space 6144K, 0% used [0x00000000ec380000,0x00000000ec380000,0x00000000ec980000)
 ParOldGen       total 68608K, used 11321K [0x00000000c0000000, 0x00000000c4300000, 0x00000000eab00000)
  object space 68608K, 16% used [0x00000000c0000000,0x00000000c0b0e5e0,0x00000000c4300000)
 Metaspace       used 16540K, committed 17152K, reserved 1114112K
  class space    used 1614K, committed 1856K, reserved 1048576K
}
Event: 26.183 GC heap before
{Heap before GC invocations=7 (full 0):
 PSYoungGen      total 30208K, used 30189K [0x00000000eab00000, 0x00000000ecf80000, 0x0000000100000000)
  eden space 24576K, 100% used [0x00000000eab00000,0x00000000ec300000,0x00000000ec300000)
  from space 5632K, 99% used [0x00000000eca00000,0x00000000ecf7b7a8,0x00000000ecf80000)
  to   space 6144K, 0% used [0x00000000ec380000,0x00000000ec380000,0x00000000ec980000)
 ParOldGen       total 68608K, used 11321K [0x00000000c0000000, 0x00000000c4300000, 0x00000000eab00000)
  object space 68608K, 16% used [0x00000000c0000000,0x00000000c0b0e5e0,0x00000000c4300000)
 Metaspace       used 19074K, committed 19904K, reserved 1114112K
  class space    used 1905K, committed 2240K, reserved 1048576K
}
Event: 26.195 GC heap after
{Heap after GC invocations=7 (full 0):
 PSYoungGen      total 30208K, used 5839K [0x00000000eab00000, 0x00000000ece80000, 0x0000000100000000)
  eden space 24064K, 0% used [0x00000000eab00000,0x00000000eab00000,0x00000000ec280000)
  from space 6144K, 95% used [0x00000000ec380000,0x00000000ec933ce8,0x00000000ec980000)
  to   space 5120K, 0% used [0x00000000ec980000,0x00000000ec980000,0x00000000ece80000)
 ParOldGen       total 68608K, used 12668K [0x00000000c0000000, 0x00000000c4300000, 0x00000000eab00000)
  object space 68608K, 18% used [0x00000000c0000000,0x00000000c0c5f150,0x00000000c4300000)
 Metaspace       used 19074K, committed 19904K, reserved 1114112K
  class space    used 1905K, committed 2240K, reserved 1048576K
}
Event: 27.827 GC heap before
{Heap before GC invocations=8 (full 0):
 PSYoungGen      total 30208K, used 19766K [0x00000000eab00000, 0x00000000ece80000, 0x0000000100000000)
  eden space 24064K, 57% used [0x00000000eab00000,0x00000000eb899d10,0x00000000ec280000)
  from space 6144K, 95% used [0x00000000ec380000,0x00000000ec933ce8,0x00000000ec980000)
  to   space 5120K, 0% used [0x00000000ec980000,0x00000000ec980000,0x00000000ece80000)
 ParOldGen       total 68608K, used 12668K [0x00000000c0000000, 0x00000000c4300000, 0x00000000eab00000)
  object space 68608K, 18% used [0x00000000c0000000,0x00000000c0c5f150,0x00000000c4300000)
 Metaspace       used 20778K, committed 21568K, reserved 1114112K
  class space    used 2089K, committed 2432K, reserved 1048576K
}
Event: 27.833 GC heap after
{Heap after GC invocations=8 (full 0):
 PSYoungGen      total 29184K, used 4906K [0x00000000eab00000, 0x00000000ece80000, 0x0000000100000000)
  eden space 24064K, 0% used [0x00000000eab00000,0x00000000eab00000,0x00000000ec280000)
  from space 5120K, 95% used [0x00000000ec980000,0x00000000ece4a928,0x00000000ece80000)
  to   space 5632K, 0% used [0x00000000ec380000,0x00000000ec380000,0x00000000ec900000)
 ParOldGen       total 68608K, used 13071K [0x00000000c0000000, 0x00000000c4300000, 0x00000000eab00000)
  object space 68608K, 19% used [0x00000000c0000000,0x00000000c0cc3cb8,0x00000000c4300000)
 Metaspace       used 20778K, committed 21568K, reserved 1114112K
  class space    used 2089K, committed 2432K, reserved 1048576K
}
Event: 27.868 GC heap before
{Heap before GC invocations=9 (full 0):
 PSYoungGen      total 29184K, used 6630K [0x00000000eab00000, 0x00000000ece80000, 0x0000000100000000)
  eden space 24064K, 7% used [0x00000000eab00000,0x00000000eacaefe8,0x00000000ec280000)
  from space 5120K, 95% used [0x00000000ec980000,0x00000000ece4a928,0x00000000ece80000)
  to   space 5632K, 0% used [0x00000000ec380000,0x00000000ec380000,0x00000000ec900000)
 ParOldGen       total 68608K, used 13071K [0x00000000c0000000, 0x00000000c4300000, 0x00000000eab00000)
  object space 68608K, 19% used [0x00000000c0000000,0x00000000c0cc3cb8,0x00000000c4300000)
 Metaspace       used 21039K, committed 21824K, reserved 1114112K
  class space    used 2111K, committed 2432K, reserved 1048576K
}
Event: 27.878 GC heap after
{Heap after GC invocations=9 (full 0):
 PSYoungGen      total 26624K, used 2490K [0x00000000eab00000, 0x00000000eca00000, 0x0000000100000000)
  eden space 24064K, 0% used [0x00000000eab00000,0x00000000eab00000,0x00000000ec280000)
  from space 2560K, 97% used [0x00000000ec380000,0x00000000ec5eeb60,0x00000000ec600000)
  to   space 3584K, 0% used [0x00000000ec680000,0x00000000ec680000,0x00000000eca00000)
 ParOldGen       total 68608K, used 15679K [0x00000000c0000000, 0x00000000c4300000, 0x00000000eab00000)
  object space 68608K, 22% used [0x00000000c0000000,0x00000000c0f4fed8,0x00000000c4300000)
 Metaspace       used 21039K, committed 21824K, reserved 1114112K
  class space    used 2111K, committed 2432K, reserved 1048576K
}
Event: 27.878 GC heap before
{Heap before GC invocations=10 (full 1):
 PSYoungGen      total 26624K, used 2490K [0x00000000eab00000, 0x00000000eca00000, 0x0000000100000000)
  eden space 24064K, 0% used [0x00000000eab00000,0x00000000eab00000,0x00000000ec280000)
  from space 2560K, 97% used [0x00000000ec380000,0x00000000ec5eeb60,0x00000000ec600000)
  to   space 3584K, 0% used [0x00000000ec680000,0x00000000ec680000,0x00000000eca00000)
 ParOldGen       total 68608K, used 15679K [0x00000000c0000000, 0x00000000c4300000, 0x00000000eab00000)
  object space 68608K, 22% used [0x00000000c0000000,0x00000000c0f4fed8,0x00000000c4300000)
 Metaspace       used 21039K, committed 21824K, reserved 1114112K
  class space    used 2111K, committed 2432K, reserved 1048576K
}
Event: 27.975 GC heap after
{Heap after GC invocations=10 (full 1):
 PSYoungGen      total 26624K, used 0K [0x00000000eab00000, 0x00000000eca00000, 0x0000000100000000)
  eden space 24064K, 0% used [0x00000000eab00000,0x00000000eab00000,0x00000000ec280000)
  from space 2560K, 0% used [0x00000000ec380000,0x00000000ec380000,0x00000000ec600000)
  to   space 3584K, 0% used [0x00000000ec680000,0x00000000ec680000,0x00000000eca00000)
 ParOldGen       total 68608K, used 12866K [0x00000000c0000000, 0x00000000c4300000, 0x00000000eab00000)
  object space 68608K, 18% used [0x00000000c0000000,0x00000000c0c908b0,0x00000000c4300000)
 Metaspace       used 21026K, committed 21824K, reserved 1114112K
  class space    used 2107K, committed 2432K, reserved 1048576K
}
Event: 28.451 GC heap before
{Heap before GC invocations=11 (full 1):
 PSYoungGen      total 26624K, used 24064K [0x00000000eab00000, 0x00000000eca00000, 0x0000000100000000)
  eden space 24064K, 100% used [0x00000000eab00000,0x00000000ec280000,0x00000000ec280000)
  from space 2560K, 0% used [0x00000000ec380000,0x00000000ec380000,0x00000000ec600000)
  to   space 3584K, 0% used [0x00000000ec680000,0x00000000ec680000,0x00000000eca00000)
 ParOldGen       total 68608K, used 12866K [0x00000000c0000000, 0x00000000c4300000, 0x00000000eab00000)
  object space 68608K, 18% used [0x00000000c0000000,0x00000000c0c908b0,0x00000000c4300000)
 Metaspace       used 23391K, committed 24320K, reserved 1114112K
  class space    used 2350K, committed 2752K, reserved 1048576K
}
Event: 28.454 GC heap after
{Heap after GC invocations=11 (full 1):
 PSYoungGen      total 26112K, used 2064K [0x00000000eab00000, 0x00000000ec900000, 0x0000000100000000)
  eden space 23552K, 0% used [0x00000000eab00000,0x00000000eab00000,0x00000000ec200000)
  from space 2560K, 80% used [0x00000000ec680000,0x00000000ec884308,0x00000000ec900000)
  to   space 2560K, 0% used [0x00000000ec400000,0x00000000ec400000,0x00000000ec680000)
 ParOldGen       total 68608K, used 12874K [0x00000000c0000000, 0x00000000c4300000, 0x00000000eab00000)
  object space 68608K, 18% used [0x00000000c0000000,0x00000000c0c928b0,0x00000000c4300000)
 Metaspace       used 23391K, committed 24320K, reserved 1114112K
  class space    used 2350K, committed 2752K, reserved 1048576K
}
Event: 30.262 GC heap before
{Heap before GC invocations=12 (full 1):
 PSYoungGen      total 26112K, used 25616K [0x00000000eab00000, 0x00000000ec900000, 0x0000000100000000)
  eden space 23552K, 100% used [0x00000000eab00000,0x00000000ec200000,0x00000000ec200000)
  from space 2560K, 80% used [0x00000000ec680000,0x00000000ec884308,0x00000000ec900000)
  to   space 2560K, 0% used [0x00000000ec400000,0x00000000ec400000,0x00000000ec680000)
 ParOldGen       total 68608K, used 12874K [0x00000000c0000000, 0x00000000c4300000, 0x00000000eab00000)
  object space 68608K, 18% used [0x00000000c0000000,0x00000000c0c928b0,0x00000000c4300000)
 Metaspace       used 27026K, committed 27968K, reserved 1114112K
  class space    used 2688K, committed 3072K, reserved 1048576K
}
Event: 30.267 GC heap after
{Heap after GC invocations=12 (full 1):
 PSYoungGen      total 24064K, used 682K [0x00000000eab00000, 0x00000000ec700000, 0x0000000100000000)
  eden space 23040K, 0% used [0x00000000eab00000,0x00000000eab00000,0x00000000ec180000)
  from space 1024K, 66% used [0x00000000ec400000,0x00000000ec4aa8e0,0x00000000ec500000)
  to   space 1536K, 0% used [0x00000000ec580000,0x00000000ec580000,0x00000000ec700000)
 ParOldGen       total 68608K, used 13512K [0x00000000c0000000, 0x00000000c4300000, 0x00000000eab00000)
  object space 68608K, 19% used [0x00000000c0000000,0x00000000c0d32380,0x00000000c4300000)
 Metaspace       used 27026K, committed 27968K, reserved 1114112K
  class space    used 2688K, committed 3072K, reserved 1048576K
}
Event: 30.741 GC heap before
{Heap before GC invocations=13 (full 1):
 PSYoungGen      total 24064K, used 23722K [0x00000000eab00000, 0x00000000ec700000, 0x0000000100000000)
  eden space 23040K, 100% used [0x00000000eab00000,0x00000000ec180000,0x00000000ec180000)
  from space 1024K, 66% used [0x00000000ec400000,0x00000000ec4aa8e0,0x00000000ec500000)
  to   space 1536K, 0% used [0x00000000ec580000,0x00000000ec580000,0x00000000ec700000)
 ParOldGen       total 68608K, used 13512K [0x00000000c0000000, 0x00000000c4300000, 0x00000000eab00000)
  object space 68608K, 19% used [0x00000000c0000000,0x00000000c0d32380,0x00000000c4300000)
 Metaspace       used 29252K, committed 30144K, reserved 1114112K
  class space    used 2907K, committed 3264K, reserved 1048576K
}
Event: 30.746 GC heap after
{Heap after GC invocations=13 (full 1):
 PSYoungGen      total 23552K, used 727K [0x00000000eab00000, 0x00000000ec680000, 0x0000000100000000)
  eden space 22528K, 0% used [0x00000000eab00000,0x00000000eab00000,0x00000000ec100000)
  from space 1024K, 71% used [0x00000000ec580000,0x00000000ec635e78,0x00000000ec680000)
  to   space 1024K, 0% used [0x00000000ec480000,0x00000000ec480000,0x00000000ec580000)
 ParOldGen       total 68608K, used 13931K [0x00000000c0000000, 0x00000000c4300000, 0x00000000eab00000)
  object space 68608K, 20% used [0x00000000c0000000,0x00000000c0d9ac60,0x00000000c4300000)
 Metaspace       used 29252K, committed 30144K, reserved 1114112K
  class space    used 2907K, committed 3264K, reserved 1048576K
}
Event: 31.101 GC heap before
{Heap before GC invocations=14 (full 1):
 PSYoungGen      total 23552K, used 23255K [0x00000000eab00000, 0x00000000ec680000, 0x0000000100000000)
  eden space 22528K, 100% used [0x00000000eab00000,0x00000000ec100000,0x00000000ec100000)
  from space 1024K, 71% used [0x00000000ec580000,0x00000000ec635e78,0x00000000ec680000)
  to   space 1024K, 0% used [0x00000000ec480000,0x00000000ec480000,0x00000000ec580000)
 ParOldGen       total 68608K, used 13931K [0x00000000c0000000, 0x00000000c4300000, 0x00000000eab00000)
  object space 68608K, 20% used [0x00000000c0000000,0x00000000c0d9ac60,0x00000000c4300000)
 Metaspace       used 30447K, committed 31296K, reserved 1114112K
  class space    used 3002K, committed 3328K, reserved 1048576K
}
Event: 31.106 GC heap after
{Heap after GC invocations=14 (full 1):
 PSYoungGen      total 23040K, used 997K [0x00000000eab00000, 0x00000000ec780000, 0x0000000100000000)
  eden space 22016K, 0% used [0x00000000eab00000,0x00000000eab00000,0x00000000ec080000)
  from space 1024K, 97% used [0x00000000ec480000,0x00000000ec579430,0x00000000ec580000)
  to   space 2048K, 0% used [0x00000000ec580000,0x00000000ec580000,0x00000000ec780000)
 ParOldGen       total 68608K, used 15849K [0x00000000c0000000, 0x00000000c4300000, 0x00000000eab00000)
  object space 68608K, 23% used [0x00000000c0000000,0x00000000c0f7a690,0x00000000c4300000)
 Metaspace       used 30447K, committed 31296K, reserved 1114112K
  class space    used 3002K, committed 3328K, reserved 1048576K
}
Event: 31.793 GC heap before
{Heap before GC invocations=15 (full 1):
 PSYoungGen      total 23040K, used 23013K [0x00000000eab00000, 0x00000000ec780000, 0x0000000100000000)
  eden space 22016K, 100% used [0x00000000eab00000,0x00000000ec080000,0x00000000ec080000)
  from space 1024K, 97% used [0x00000000ec480000,0x00000000ec579430,0x00000000ec580000)
  to   space 2048K, 0% used [0x00000000ec580000,0x00000000ec580000,0x00000000ec780000)
 ParOldGen       total 68608K, used 15849K [0x00000000c0000000, 0x00000000c4300000, 0x00000000eab00000)
  object space 68608K, 23% used [0x00000000c0000000,0x00000000c0f7a690,0x00000000c4300000)
 Metaspace       used 32832K, committed 33792K, reserved 1114112K
  class space    used 3257K, committed 3584K, reserved 1048576K
}
Event: 31.796 GC heap after
{Heap after GC invocations=15 (full 1):
 PSYoungGen      total 23552K, used 1132K [0x00000000eab00000, 0x00000000ec700000, 0x0000000100000000)
  eden space 22016K, 0% used [0x00000000eab00000,0x00000000eab00000,0x00000000ec080000)
  from space 1536K, 73% used [0x00000000ec580000,0x00000000ec69b330,0x00000000ec700000)
  to   space 2048K, 0% used [0x00000000ec300000,0x00000000ec300000,0x00000000ec500000)
 ParOldGen       total 68608K, used 16243K [0x00000000c0000000, 0x00000000c4300000, 0x00000000eab00000)
  object space 68608K, 23% used [0x00000000c0000000,0x00000000c0fdcec0,0x00000000c4300000)
 Metaspace       used 32832K, committed 33792K, reserved 1114112K
  class space    used 3257K, committed 3584K, reserved 1048576K
}

