# JRE version: Java(TM) SE Runtime Environment (17.0.1+12) (build 17.0.1+12-LTS-39)
# Java VM: Java HotSpot(TM) 64-Bit Server VM (17.0.1+12-LTS-39, mixed mode, sharing, tiered, compressed oops, compressed class ptrs, g1 gc, windows-amd64)
GC Precious Log:
 CPUs: 12 total, 12 available
 Memory: 8013M
 Large Page Support: Disabled
 NUMA Support: Disabled
 Compressed Oops: Enabled (Zero based)
 Heap Region Size: 2M
 Heap Min Capacity: 8M
 Heap Initial Capacity: 126M
 Heap Max Capacity: 4G
 Pre-touch: Disabled
 Parallel Workers: 10
 Concurrent Workers: 3
 Concurrent Refinement Workers: 10
 Periodic GC: Disabled
Heap:
 garbage-first heap   total 190464K, used 43272K [0x0000000700000000, 0x0000000800000000)
  region size 2048K, 4 young (8192K), 4 survivors (8192K)
 Metaspace       used 36477K, committed 37056K, reserved 1081344K
  class space    used 5018K, committed 5312K, reserved 1048576K
GC Heap History (20 events):
Event: 30.028 GC heap after
{Heap after GC invocations=29 (full 0):
 garbage-first heap   total 131072K, used 37849K [0x0000000700000000, 0x0000000800000000)
  region size 2048K, 2 young (4096K), 2 survivors (4096K)
 Metaspace       used 36439K, committed 37056K, reserved 1081344K
  class space    used 5017K, committed 5312K, reserved 1048576K
}
Event: 30.523 GC heap before
{Heap before GC invocations=29 (full 0):
 garbage-first heap   total 131072K, used 111577K [0x0000000700000000, 0x0000000800000000)
  region size 2048K, 38 young (77824K), 2 survivors (4096K)
 Metaspace       used 36439K, committed 37056K, reserved 1081344K
  class space    used 5017K, committed 5312K, reserved 1048576K
}
Event: 30.529 GC heap after
{Heap after GC invocations=30 (full 0):
 garbage-first heap   total 131072K, used 38039K [0x0000000700000000, 0x0000000800000000)
  region size 2048K, 2 young (4096K), 2 survivors (4096K)
 Metaspace       used 36439K, committed 37056K, reserved 1081344K
  class space    used 5017K, committed 5312K, reserved 1048576K
}
Event: 31.058 GC heap before
{Heap before GC invocations=30 (full 0):
 garbage-first heap   total 131072K, used 111767K [0x0000000700000000, 0x0000000800000000)
  region size 2048K, 38 young (77824K), 2 survivors (4096K)
 Metaspace       used 36440K, committed 37056K, reserved 1081344K
  class space    used 5017K, committed 5312K, reserved 1048576K
}
Event: 31.066 GC heap after
{Heap after GC invocations=31 (full 0):
 garbage-first heap   total 157696K, used 38553K [0x0000000700000000, 0x0000000800000000)
  region size 2048K, 2 young (4096K), 2 survivors (4096K)
 Metaspace       used 36440K, committed 37056K, reserved 1081344K
  class space    used 5017K, committed 5312K, reserved 1048576K
}
Event: 31.703 GC heap before
{Heap before GC invocations=31 (full 0):
 garbage-first heap   total 157696K, used 128665K [0x0000000700000000, 0x0000000800000000)
  region size 2048K, 46 young (94208K), 2 survivors (4096K)
 Metaspace       used 36448K, committed 37056K, reserved 1081344K
  class space    used 5018K, committed 5312K, reserved 1048576K
}
Event: 31.710 GC heap after
{Heap after GC invocations=32 (full 0):
 garbage-first heap   total 157696K, used 39119K [0x0000000700000000, 0x0000000800000000)
  region size 2048K, 3 young (6144K), 3 survivors (6144K)
 Metaspace       used 36448K, committed 37056K, reserved 1081344K
  class space    used 5018K, committed 5312K, reserved 1048576K
}
Event: 32.246 GC heap before
{Heap before GC invocations=32 (full 0):
 garbage-first heap   total 157696K, used 127183K [0x0000000700000000, 0x0000000800000000)
  region size 2048K, 46 young (94208K), 3 survivors (6144K)
 Metaspace       used 36448K, committed 37056K, reserved 1081344K
  class space    used 5018K, committed 5312K, reserved 1048576K
}
Event: 32.253 GC heap after
{Heap after GC invocations=33 (full 0):
 garbage-first heap   total 157696K, used 39647K [0x0000000700000000, 0x0000000800000000)
  region size 2048K, 3 young (6144K), 3 survivors (6144K)
 Metaspace       used 36448K, committed 37056K, reserved 1081344K
  class space    used 5018K, committed 5312K, reserved 1048576K
}
Event: 32.662 GC heap before
{Heap before GC invocations=33 (full 0):
 garbage-first heap   total 157696K, used 127711K [0x0000000700000000, 0x0000000800000000)
  region size 2048K, 46 young (94208K), 3 survivors (6144K)
 Metaspace       used 36450K, committed 37056K, reserved 1081344K
  class space    used 5018K, committed 5312K, reserved 1048576K
}
Event: 32.670 GC heap after
{Heap after GC invocations=34 (full 0):
 garbage-first heap   total 157696K, used 40082K [0x0000000700000000, 0x0000000800000000)
  region size 2048K, 3 young (6144K), 3 survivors (6144K)
 Metaspace       used 36450K, committed 37056K, reserved 1081344K
  class space    used 5018K, committed 5312K, reserved 1048576K
}
Event: 33.139 GC heap before
{Heap before GC invocations=34 (full 0):
 garbage-first heap   total 157696K, used 128146K [0x0000000700000000, 0x0000000800000000)
  region size 2048K, 46 young (94208K), 3 survivors (6144K)
 Metaspace       used 36450K, committed 37056K, reserved 1081344K
  class space    used 5018K, committed 5312K, reserved 1048576K
}
Event: 33.148 GC heap after
{Heap after GC invocations=35 (full 0):
 garbage-first heap   total 190464K, used 40599K [0x0000000700000000, 0x0000000800000000)
  region size 2048K, 3 young (6144K), 3 survivors (6144K)
 Metaspace       used 36450K, committed 37056K, reserved 1081344K
  class space    used 5018K, committed 5312K, reserved 1048576K
}
Event: 33.856 GC heap before
{Heap before GC invocations=35 (full 0):
 garbage-first heap   total 190464K, used 147095K [0x0000000700000000, 0x0000000800000000)
  region size 2048K, 55 young (112640K), 3 survivors (6144K)
 Metaspace       used 36460K, committed 37056K, reserved 1081344K
  class space    used 5018K, committed 5312K, reserved 1048576K
}
Event: 33.864 GC heap after
{Heap after GC invocations=36 (full 0):
 garbage-first heap   total 190464K, used 41445K [0x0000000700000000, 0x0000000800000000)
  region size 2048K, 3 young (6144K), 3 survivors (6144K)
 Metaspace       used 36460K, committed 37056K, reserved 1081344K
  class space    used 5018K, committed 5312K, reserved 1048576K
}
Event: 34.536 GC heap before
{Heap before GC invocations=36 (full 0):
 garbage-first heap   total 190464K, used 147941K [0x0000000700000000, 0x0000000800000000)
  region size 2048K, 55 young (112640K), 3 survivors (6144K)
 Metaspace       used 36461K, committed 37056K, reserved 1081344K
  class space    used 5018K, committed 5312K, reserved 1048576K
}
Event: 34.546 GC heap after
{Heap after GC invocations=37 (full 0):
 garbage-first heap   total 190464K, used 42135K [0x0000000700000000, 0x0000000800000000)
  region size 2048K, 3 young (6144K), 3 survivors (6144K)
 Metaspace       used 36461K, committed 37056K, reserved 1081344K
  class space    used 5018K, committed 5312K, reserved 1048576K
}
Event: 35.390 GC heap before
{Heap before GC invocations=37 (full 0):
 garbage-first heap   total 190464K, used 146583K [0x0000000700000000, 0x0000000800000000)
  region size 2048K, 55 young (112640K), 3 survivors (6144K)
 Metaspace       used 36474K, committed 37056K, reserved 1081344K
  class space    used 5018K, committed 5312K, reserved 1048576K
}
Event: 35.402 GC heap after
{Heap after GC invocations=38 (full 0):
 garbage-first heap   total 190464K, used 43104K [0x0000000700000000, 0x0000000800000000)
  region size 2048K, 4 young (8192K), 4 survivors (8192K)
 Metaspace       used 36474K, committed 37056K, reserved 1081344K
  class space    used 5018K, committed 5312K, reserved 1048576K
}
Event: 36.041 GC heap before
{Heap before GC invocations=38 (full 0):
 garbage-first heap   total 190464K, used 147552K [0x0000000700000000, 0x0000000800000000)
  region size 2048K, 55 young (112640K), 4 survivors (8192K)
 Metaspace       used 36477K, committed 37056K, reserved 1081344K
  class space    used 5018K, committed 5312K, reserved 1048576K
}

