# JRE version: Java(TM) SE Runtime Environment (17.0.1+12) (build 17.0.1+12-LTS-39)
# Java VM: Java HotSpot(TM) 64-Bit Server VM (17.0.1+12-LTS-39, mixed mode, sharing, tiered, compressed oops, compressed class ptrs, g1 gc, windows-amd64)
GC Precious Log:
 CPUs: 12 total, 12 available
 Memory: 8013M
 Large Page Support: Disabled
 NUMA Support: Disabled
 Compressed Oops: Enabled (Zero based)
 Heap Region Size: 2M
 Heap Min Capacity: 8M
 Heap Initial Capacity: 126M
 Heap Max Capacity: 4G
 Pre-touch: Disabled
 Parallel Workers: 10
 Concurrent Workers: 3
 Concurrent Refinement Workers: 10
 Periodic GC: Disabled
Heap:
 garbage-first heap   total 172032K, used 120798K [0x0000000700000000, 0x0000000800000000)
  region size 2048K, 19 young (38912K), 2 survivors (4096K)
 Metaspace       used 107581K, committed 108288K, reserved 1146880K
  class space    used 14314K, committed 14656K, reserved 1048576K
GC Heap History (20 events):
Event: 22.585 GC heap before
{Heap before GC invocations=21 (full 0):
 garbage-first heap   total 157696K, used 118245K [0x0000000700000000, 0x0000000800000000)
  region size 2048K, 29 young (59392K), 2 survivors (4096K)
 Metaspace       used 77231K, committed 77760K, reserved 1122304K
  class space    used 10535K, committed 10816K, reserved 1048576K
}
Event: 22.595 GC heap after
{Heap after GC invocations=22 (full 0):
 garbage-first heap   total 157696K, used 66276K [0x0000000700000000, 0x0000000800000000)
  region size 2048K, 3 young (6144K), 3 survivors (6144K)
 Metaspace       used 77231K, committed 77760K, reserved 1122304K
  class space    used 10535K, committed 10816K, reserved 1048576K
}
Event: 23.960 GC heap before
{Heap before GC invocations=22 (full 0):
 garbage-first heap   total 157696K, used 121572K [0x0000000700000000, 0x0000000800000000)
  region size 2048K, 30 young (61440K), 3 survivors (6144K)
 Metaspace       used 80733K, committed 81344K, reserved 1122304K
  class space    used 10976K, committed 11264K, reserved 1048576K
}
Event: 23.973 GC heap after
{Heap after GC invocations=23 (full 0):
 garbage-first heap   total 157696K, used 69007K [0x0000000700000000, 0x0000000800000000)
  region size 2048K, 4 young (8192K), 4 survivors (8192K)
 Metaspace       used 80733K, committed 81344K, reserved 1122304K
  class space    used 10976K, committed 11264K, reserved 1048576K
}
Event: 25.574 GC heap before
{Heap before GC invocations=23 (full 0):
 garbage-first heap   total 157696K, used 122255K [0x0000000700000000, 0x0000000800000000)
  region size 2048K, 30 young (61440K), 4 survivors (8192K)
 Metaspace       used 84146K, committed 84736K, reserved 1122304K
  class space    used 11350K, committed 11648K, reserved 1048576K
}
Event: 25.589 GC heap after
{Heap after GC invocations=24 (full 0):
 garbage-first heap   total 157696K, used 73507K [0x0000000700000000, 0x0000000800000000)
  region size 2048K, 4 young (8192K), 4 survivors (8192K)
 Metaspace       used 84146K, committed 84736K, reserved 1122304K
  class space    used 11350K, committed 11648K, reserved 1048576K
}
Event: 27.788 GC heap before
{Heap before GC invocations=24 (full 0):
 garbage-first heap   total 157696K, used 122659K [0x0000000700000000, 0x0000000800000000)
  region size 2048K, 29 young (59392K), 4 survivors (8192K)
 Metaspace       used 90674K, committed 91200K, reserved 1130496K
  class space    used 12023K, committed 12288K, reserved 1048576K
}
Event: 27.802 GC heap after
{Heap after GC invocations=25 (full 0):
 garbage-first heap   total 157696K, used 69187K [0x0000000700000000, 0x0000000800000000)
  region size 2048K, 4 young (8192K), 4 survivors (8192K)
 Metaspace       used 90674K, committed 91200K, reserved 1130496K
  class space    used 12023K, committed 12288K, reserved 1048576K
}
Event: 30.473 GC heap before
{Heap before GC invocations=25 (full 0):
 garbage-first heap   total 157696K, used 124483K [0x0000000700000000, 0x0000000800000000)
  region size 2048K, 31 young (63488K), 4 survivors (8192K)
 Metaspace       used 96287K, committed 96896K, reserved 1138688K
  class space    used 12958K, committed 13248K, reserved 1048576K
}
Event: 30.488 GC heap after
{Heap after GC invocations=26 (full 0):
 garbage-first heap   total 157696K, used 72692K [0x0000000700000000, 0x0000000800000000)
  region size 2048K, 3 young (6144K), 3 survivors (6144K)
 Metaspace       used 96287K, committed 96896K, reserved 1138688K
  class space    used 12958K, committed 13248K, reserved 1048576K
}
Event: 32.383 GC heap before
{Heap before GC invocations=26 (full 0):
 garbage-first heap   total 157696K, used 130036K [0x0000000700000000, 0x0000000800000000)
  region size 2048K, 30 young (61440K), 3 survivors (6144K)
 Metaspace       used 97666K, committed 98304K, reserved 1138688K
  class space    used 13082K, committed 13376K, reserved 1048576K
}
Event: 32.393 GC heap after
{Heap after GC invocations=27 (full 0):
 garbage-first heap   total 157696K, used 85662K [0x0000000700000000, 0x0000000800000000)
  region size 2048K, 4 young (8192K), 4 survivors (8192K)
 Metaspace       used 97666K, committed 98304K, reserved 1138688K
  class space    used 13082K, committed 13376K, reserved 1048576K
}
Event: 32.445 GC heap before
{Heap before GC invocations=27 (full 0):
 garbage-first heap   total 157696K, used 87710K [0x0000000700000000, 0x0000000800000000)
  region size 2048K, 6 young (12288K), 4 survivors (8192K)
 Metaspace       used 97666K, committed 98304K, reserved 1138688K
  class space    used 13082K, committed 13376K, reserved 1048576K
}
Event: 32.450 GC heap after
{Heap after GC invocations=28 (full 0):
 garbage-first heap   total 157696K, used 87636K [0x0000000700000000, 0x0000000800000000)
  region size 2048K, 1 young (2048K), 1 survivors (2048K)
 Metaspace       used 97666K, committed 98304K, reserved 1138688K
  class space    used 13082K, committed 13376K, reserved 1048576K
}
Event: 33.879 GC heap before
{Heap before GC invocations=29 (full 0):
 garbage-first heap   total 157696K, used 126548K [0x0000000700000000, 0x0000000800000000)
  region size 2048K, 19 young (38912K), 1 survivors (2048K)
 Metaspace       used 100963K, committed 101632K, reserved 1138688K
  class space    used 13518K, committed 13824K, reserved 1048576K
}
Event: 33.889 GC heap after
{Heap after GC invocations=30 (full 0):
 garbage-first heap   total 157696K, used 92664K [0x0000000700000000, 0x0000000800000000)
  region size 2048K, 3 young (6144K), 3 survivors (6144K)
 Metaspace       used 100963K, committed 101632K, reserved 1138688K
  class space    used 13518K, committed 13824K, reserved 1048576K
}
Event: 33.963 GC heap before
{Heap before GC invocations=30 (full 0):
 garbage-first heap   total 157696K, used 94712K [0x0000000700000000, 0x0000000800000000)
  region size 2048K, 4 young (8192K), 3 survivors (6144K)
 Metaspace       used 101219K, committed 101888K, reserved 1138688K
  class space    used 13553K, committed 13888K, reserved 1048576K
}
Event: 33.970 GC heap after
{Heap after GC invocations=31 (full 0):
 garbage-first heap   total 157696K, used 87920K [0x0000000700000000, 0x0000000800000000)
  region size 2048K, 1 young (2048K), 1 survivors (2048K)
 Metaspace       used 101219K, committed 101888K, reserved 1138688K
  class space    used 13553K, committed 13888K, reserved 1048576K
}
Event: 35.481 GC heap before
{Heap before GC invocations=31 (full 0):
 garbage-first heap   total 157696K, used 120688K [0x0000000700000000, 0x0000000800000000)
  region size 2048K, 18 young (36864K), 1 survivors (2048K)
 Metaspace       used 105804K, committed 106496K, reserved 1146880K
  class space    used 14074K, committed 14400K, reserved 1048576K
}
Event: 35.487 GC heap after
{Heap after GC invocations=32 (full 0):
 garbage-first heap   total 157696K, used 90078K [0x0000000700000000, 0x0000000800000000)
  region size 2048K, 2 young (4096K), 2 survivors (4096K)
 Metaspace       used 105804K, committed 106496K, reserved 1146880K
  class space    used 14074K, committed 14400K, reserved 1048576K
}

